Arguments: 
  /home/chris/opt/node-v9.7.1-linux-x64/bin/node /home/chris/opt/node-v9.7.1-linux-x64/bin/yarn prettier .

PATH: 
  /home/chris/bin:/home/chris/opt/node-v9.7.1-linux-x64/bin/:/usr/local/sbin:/usr/local/bin:/usr/sbin:/usr/bin:/sbin:/bin:/usr/games:/usr/local/games:/home/chris/.antigen/bundles/robbyrussell/oh-my-zsh/lib:/home/chris/.antigen/bundles/robbyrussell/oh-my-zsh/plugins/git

Yarn version: 
  1.5.1

Node version: 
  9.7.1

Platform: 
  linux x64

npm manifest: 
  {
    "name": "generator-ls-iwa",
    "version": "0.0.0",
    "description": "A Yeoman generator for creating Liquid State Integrated Web Apps (IWAs)",
    "homepage": "https://www.liquid-state.com",
    "author": {
      "name": "Liquid State",
      "email": "dev@liquid-state.com",
      "url": "https://www.liquid-state.com"
    },
    "files": [
      "generators"
    ],
    "main": "generators/index.js",
    "keywords": [
      "",
      "yeoman-generator"
    ],
    "devDependencies": {
      "yeoman-test": "^1.7.0",
      "yeoman-assert": "^3.1.0",
      "nsp": "^2.6.3",
      "eslint": "^4.1.0",
      "prettier": "^1.7.0",
      "husky": "^0.14.3",
      "lint-staged": "^4.2.1",
      "eslint-config-prettier": "^2.4.0",
      "eslint-plugin-prettier": "^2.2.0",
      "eslint-config-xo": "^0.18.2",
      "jest": "^22.0.6"
    },
    "dependencies": {
      "yeoman-generator": "^2.0.1",
      "chalk": "^2.1.0",
      "yosay": "^2.0.1"
    },
    "jest": {
      "testEnvironment": "node"
    },
    "scripts": {
      "prepublish": "nsp check",
      "pretest": "eslint .",
      "precommit": "lint-staged",
      "test": "jest",
      "lint": "eslint .",
      "lint:fix": "eslint . --fix"
    },
    "lint-staged": {
      "*.js": [
        "eslint --fix",
        "git add"
      ],
      "*.json": [
        "prettier --write",
        "git add"
      ]
    },
    "eslintConfig": {
      "extends": [
        "xo",
        "prettier"
      ],
      "env": {
        "jest": true,
        "node": true
      },
      "rules": {
        "prettier/prettier": [
          "error",
          {
            "singleQuote": true,
            "printWidth": 90
          }
        ]
      },
      "plugins": [
        "prettier"
      ]
    },
    "repository": "liquid-state/generator-ls-iwa",
    "license": "MIT"
  }

yarn manifest: 
  No manifest

Lockfile: 
  No lockfile

Trace: 
  Error: Command failed.
  Exit code: 2
  Command: sh
  Arguments: -c /home/chris/code/iwa/generator-ls-iwa/node_modules/.bin/prettier .
  Directory: /home/chris/code/iwa/generator-ls-iwa
  Output:
  
      at ProcessTermError.MessageError (/home/chris/opt/node-v9.7.1-linux-x64/lib/node_modules/yarn/lib/cli.js:186:110)
      at new ProcessTermError (/home/chris/opt/node-v9.7.1-linux-x64/lib/node_modules/yarn/lib/cli.js:226:113)
      at ChildProcess.<anonymous> (/home/chris/opt/node-v9.7.1-linux-x64/lib/node_modules/yarn/lib/cli.js:30281:17)
      at ChildProcess.emit (events.js:127:13)
      at maybeClose (internal/child_process.js:936:16)
      at Process.ChildProcess._handle.onexit (internal/child_process.js:220:5)
